<?xml version="1.0" encoding="UTF-8"?>
<testsuite name="parsers.JsonSerdeTest" tests="1" skipped="0" failures="0" errors="0" timestamp="2020-09-03T16:09:54" hostname="MAROKORI01M" time="0.138">
  <properties/>
  <testcase name="serialize" classname="parsers.JsonSerdeTest" time="0.138"/>
  <system-out><![CDATA[]]></system-out>
  <system-err><![CDATA[]]></system-err>
</testsuite>
